#
# There is insufficient memory for the Java Runtime Environment to continue.
# Native memory allocation (malloc) failed to allocate 1891616 bytes for Chunk::new
# Possible reasons:
#   The system is out of physical RAM or swap space
#   In 32 bit mode, the process size limit was hit
# Possible solutions:
#   Reduce memory load on the system
#   Increase physical memory or swap space
#   Check if swap backing store is full
#   Use 64 bit Java on a 64 bit OS
#   Decrease Java heap size (-Xmx/-Xms)
#   Decrease number of Java threads
#   Decrease Java thread stack sizes (-Xss)
#   Set larger code cache with -XX:ReservedCodeCacheSize=
# This output file may be truncated or incomplete.
#
#  Out of Memory Error (allocation.cpp:390), pid=5048, tid=5784
#
# JRE version: Java(TM) SE Runtime Environment (8.0_65-b17) (build 1.8.0_65-b17)
# Java VM: Java HotSpot(TM) 64-Bit Server VM (25.65-b01 mixed mode windows-amd64 compressed oops)
# Failed to write core dump. Minidumps are not enabled by default on client versions of Windows
#

---------------  T H R E A D  ---------------

Current thread (0x0000000014f53800):  JavaThread "C2 CompilerThread0" daemon [_thread_in_native, id=5784, stack(0x0000000016ba0000,0x0000000016ca0000)]

Stack: [0x0000000016ba0000,0x0000000016ca0000]
[error occurred during error reporting (printing stack bounds), id 0xc0000005]

Native frames: (J=compiled Java code, j=interpreted, Vv=VM code, C=native code)


Current CompileTask:
C2:   5655 2020   !   4       com.android.dx.cf.code.BytecodeArray::parseInstruction (2764 bytes)


---------------  P R O C E S S  ---------------

Java Threads: ( => current thread )
  0x000000001710b000 JavaThread "pool-2-thread-3" [_thread_in_Java, id=4160, stack(0x0000000017fa0000,0x00000000180a0000)]
  0x0000000017068000 JavaThread "pool-3-thread-1" [_thread_blocked, id=6508, stack(0x0000000017da0000,0x0000000017ea0000)]
  0x0000000016e0e800 JavaThread "Service Thread" daemon [_thread_blocked, id=3524, stack(0x00000000172a0000,0x00000000173a0000)]
  0x0000000014f6d800 JavaThread "C1 CompilerThread2" daemon [_thread_blocked, id=4796, stack(0x00000000171a0000,0x00000000172a0000)]
  0x0000000014f5b000 JavaThread "C2 CompilerThread1" daemon [_thread_in_native, id=4880, stack(0x0000000016ca0000,0x0000000016da0000)]
=>0x0000000014f53800 JavaThread "C2 CompilerThread0" daemon [_thread_in_native, id=5784, stack(0x0000000016ba0000,0x0000000016ca0000)]
  0x0000000014f50000 JavaThread "Attach Listener" daemon [_thread_blocked, id=5984, stack(0x0000000016aa0000,0x0000000016ba0000)]
  0x0000000014f4c800 JavaThread "Signal Dispatcher" daemon [_thread_blocked, id=5436, stack(0x00000000169a0000,0x0000000016aa0000)]
  0x0000000002637000 JavaThread "Finalizer" daemon [_thread_blocked, id=2456, stack(0x00000000167c0000,0x00000000168c0000)]
  0x0000000002630000 JavaThread "Reference Handler" daemon [_thread_blocked, id=1716, stack(0x00000000166c0000,0x00000000167c0000)]
  0x0000000002540800 JavaThread "main" [_thread_blocked, id=6128, stack(0x0000000002430000,0x0000000002530000)]

Other Threads:
  0x0000000014f17800 VMThread [stack: 0x00000000165c0000,0x00000000166c0000] [id=5260]
  0x0000000016df9000 WatcherThread [stack: 0x00000000173a0000,0x00000000174a0000] [id=664]

VM state:not at safepoint (normal execution)

VM Mutex/Monitor currently owned by a thread: None

Heap:
 PSYoungGen      total 138240K, used 113676K [0x00000000eab00000, 0x00000000f3700000, 0x0000000100000000)
  eden space 133120K, 81% used [0x00000000eab00000,0x00000000f1504ea8,0x00000000f2d00000)
  from space 5120K, 99% used [0x00000000f3200000,0x00000000f36fe3e0,0x00000000f3700000)
  to   space 5120K, 0% used [0x00000000f2d00000,0x00000000f2d00000,0x00000000f3200000)
 ParOldGen       total 87552K, used 23971K [0x00000000c0000000, 0x00000000c5580000, 0x00000000eab00000)
  object space 87552K, 27% used [0x00000000c0000000,0x00000000c1768c38,0x00000000c5580000)
 Metaspace       used 6470K, capacity 7192K, committed 7424K, reserved 1056768K
  class space    used 625K, capacity 656K, committed 768K, reserved 1048576K

Card table byte_map: [0x0000000011a00000,0x0000000011c10000] byte_map_base: 0x0000000011400000

Marking Bits: (ParMarkBitMap*) 0x0000000061f8a5b0
 Begin Bits: [0x0000000012370000, 0x0000000013370000)
 End Bits:   [0x0000000013370000, 0x0000000014370000)

Polling page: 0x00000000023a0000

CodeCache: size=245760Kb used=7958Kb max_used=7974Kb free=237801Kb
 bounds [0x0000000002640000, 0x0000000002e20000, 0x0000000011640000]
 total_blobs=2212 nmethods=1943 adapters=182
 compilation: enabled

Compilation events (10 events):
Event: 5.407 Thread 0x0000000014f6d800 2030       2       java.util.HashMap::comparableClassFor (105 bytes)
Event: 5.408 Thread 0x0000000014f6d800 nmethod 2030 0x0000000002dfd990 code [0x0000000002dfdb40, 0x0000000002dfdfa8]
Event: 5.531 Thread 0x0000000014f5b000 nmethod 2014 0x0000000002e09910 code [0x0000000002e09cc0, 0x0000000002e0cc80]
Event: 5.531 Thread 0x0000000014f5b000 2023       4       com.android.dx.util.IntList::binarysearch (124 bytes)
Event: 5.535 Thread 0x0000000014f5b000 nmethod 2023 0x0000000002dfa690 code [0x0000000002dfa7e0, 0x0000000002dfa998]
Event: 5.535 Thread 0x0000000014f5b000 1992       4       com.android.dx.rop.code.LocalVariableExtractor::processBlock (327 bytes)
Event: 5.570 Thread 0x0000000014f6d800 2031   !   2       com.android.dx.cf.code.ExecutionStack::change (116 bytes)
Event: 5.572 Thread 0x0000000014f6d800 nmethod 2031 0x0000000002dfc310 code [0x0000000002dfc5a0, 0x0000000002dfd038]
Event: 5.597 Thread 0x0000000014f6d800 2033       1       com.android.dx.cf.code.BaseMachine::getAuxInt (5 bytes)
Event: 5.598 Thread 0x0000000014f6d800 nmethod 2033 0x0000000002dfc050 code [0x0000000002dfc1a0, 0x0000000002dfc2b0]

GC Heap History (8 events):
Event: 1.019 GC heap before
{Heap before GC invocations=1 (full 0):
 PSYoungGen      total 38400K, used 33280K [0x00000000eab00000, 0x00000000ed580000, 0x0000000100000000)
  eden space 33280K, 100% used [0x00000000eab00000,0x00000000ecb80000,0x00000000ecb80000)
  from space 5120K, 0% used [0x00000000ed080000,0x00000000ed080000,0x00000000ed580000)
  to   space 5120K, 0% used [0x00000000ecb80000,0x00000000ecb80000,0x00000000ed080000)
 ParOldGen       total 87552K, used 0K [0x00000000c0000000, 0x00000000c5580000, 0x00000000eab00000)
  object space 87552K, 0% used [0x00000000c0000000,0x00000000c0000000,0x00000000c5580000)
 Metaspace       used 5947K, capacity 6896K, committed 7040K, reserved 1056768K
  class space    used 602K, capacity 616K, committed 640K, reserved 1048576K
Event: 1.183 GC heap after
Heap after GC invocations=1 (full 0):
 PSYoungGen      total 38400K, used 5092K [0x00000000eab00000, 0x00000000ef600000, 0x0000000100000000)
  eden space 33280K, 0% used [0x00000000eab00000,0x00000000eab00000,0x00000000ecb80000)
  from space 5120K, 99% used [0x00000000ecb80000,0x00000000ed079238,0x00000000ed080000)
  to   space 5120K, 0% used [0x00000000ef100000,0x00000000ef100000,0x00000000ef600000)
 ParOldGen       total 87552K, used 913K [0x00000000c0000000, 0x00000000c5580000, 0x00000000eab00000)
  object space 87552K, 1% used [0x00000000c0000000,0x00000000c00e47c8,0x00000000c5580000)
 Metaspace       used 5947K, capacity 6896K, committed 7040K, reserved 1056768K
  class space    used 602K, capacity 616K, committed 640K, reserved 1048576K
}
Event: 1.691 GC heap before
{Heap before GC invocations=2 (full 0):
 PSYoungGen      total 38400K, used 38372K [0x00000000eab00000, 0x00000000ef600000, 0x0000000100000000)
  eden space 33280K, 100% used [0x00000000eab00000,0x00000000ecb80000,0x00000000ecb80000)
  from space 5120K, 99% used [0x00000000ecb80000,0x00000000ed079238,0x00000000ed080000)
  to   space 5120K, 0% used [0x00000000ef100000,0x00000000ef100000,0x00000000ef600000)
 ParOldGen       total 87552K, used 913K [0x00000000c0000000, 0x00000000c5580000, 0x00000000eab00000)
  object space 87552K, 1% used [0x00000000c0000000,0x00000000c00e47c8,0x00000000c5580000)
 Metaspace       used 6145K, capacity 7024K, committed 7296K, reserved 1056768K
  class space    used 602K, capacity 616K, committed 640K, reserved 1048576K
Event: 2.087 GC heap after
Heap after GC invocations=2 (full 0):
 PSYoungGen      total 71680K, used 5100K [0x00000000eab00000, 0x00000000ef600000, 0x0000000100000000)
  eden space 66560K, 0% used [0x00000000eab00000,0x00000000eab00000,0x00000000eec00000)
  from space 5120K, 99% used [0x00000000ef100000,0x00000000ef5fb0c0,0x00000000ef600000)
  to   space 5120K, 0% used [0x00000000eec00000,0x00000000eec00000,0x00000000ef100000)
 ParOldGen       total 87552K, used 4600K [0x00000000c0000000, 0x00000000c5580000, 0x00000000eab00000)
  object space 87552K, 5% used [0x00000000c0000000,0x00000000c047e088,0x00000000c5580000)
 Metaspace       used 6145K, capacity 7024K, committed 7296K, reserved 1056768K
  class space    used 602K, capacity 616K, committed 640K, reserved 1048576K
}
Event: 3.094 GC heap before
{Heap before GC invocations=3 (full 0):
 PSYoungGen      total 71680K, used 71660K [0x00000000eab00000, 0x00000000ef600000, 0x0000000100000000)
  eden space 66560K, 100% used [0x00000000eab00000,0x00000000eec00000,0x00000000eec00000)
  from space 5120K, 99% used [0x00000000ef100000,0x00000000ef5fb0c0,0x00000000ef600000)
  to   space 5120K, 0% used [0x00000000eec00000,0x00000000eec00000,0x00000000ef100000)
 ParOldGen       total 87552K, used 4600K [0x00000000c0000000, 0x00000000c5580000, 0x00000000eab00000)
  object space 87552K, 5% used [0x00000000c0000000,0x00000000c047e088,0x00000000c5580000)
 Metaspace       used 6276K, capacity 7152K, committed 7296K, reserved 1056768K
  class space    used 603K, capacity 616K, committed 640K, reserved 1048576K
Event: 3.236 GC heap after
Heap after GC invocations=3 (full 0):
 PSYoungGen      total 71680K, used 5090K [0x00000000eab00000, 0x00000000f3700000, 0x0000000100000000)
  eden space 66560K, 0% used [0x00000000eab00000,0x00000000eab00000,0x00000000eec00000)
  from space 5120K, 99% used [0x00000000eec00000,0x00000000ef0f8928,0x00000000ef100000)
  to   space 5120K, 0% used [0x00000000f3200000,0x00000000f3200000,0x00000000f3700000)
 ParOldGen       total 87552K, used 14823K [0x00000000c0000000, 0x00000000c5580000, 0x00000000eab00000)
  object space 87552K, 16% used [0x00000000c0000000,0x00000000c0e79c28,0x00000000c5580000)
 Metaspace       used 6276K, capacity 7152K, committed 7296K, reserved 1056768K
  class space    used 603K, capacity 616K, committed 640K, reserved 1048576K
}
Event: 3.674 GC heap before
{Heap before GC invocations=4 (full 0):
 PSYoungGen      total 71680K, used 71650K [0x00000000eab00000, 0x00000000f3700000, 0x0000000100000000)
  eden space 66560K, 100% used [0x00000000eab00000,0x00000000eec00000,0x00000000eec00000)
  from space 5120K, 99% used [0x00000000eec00000,0x00000000ef0f8928,0x00000000ef100000)
  to   space 5120K, 0% used [0x00000000f3200000,0x00000000f3200000,0x00000000f3700000)
 ParOldGen       total 87552K, used 14823K [0x00000000c0000000, 0x00000000c5580000, 0x00000000eab00000)
  object space 87552K, 16% used [0x00000000c0000000,0x00000000c0e79c28,0x00000000c5580000)
 Metaspace       used 6398K, capacity 7192K, committed 7424K, reserved 1056768K
  class space    used 623K, capacity 656K, committed 768K, reserved 1048576K
Event: 3.766 GC heap after
Heap after GC invocations=4 (full 0):
 PSYoungGen      total 138240K, used 5112K [0x00000000eab00000, 0x00000000f3700000, 0x0000000100000000)
  eden space 133120K, 0% used [0x00000000eab00000,0x00000000eab00000,0x00000000f2d00000)
  from space 5120K, 99% used [0x00000000f3200000,0x00000000f36fe3e0,0x00000000f3700000)
  to   space 5120K, 0% used [0x00000000f2d00000,0x00000000f2d00000,0x00000000f3200000)
 ParOldGen       total 87552K, used 23971K [0x00000000c0000000, 0x00000000c5580000, 0x00000000eab00000)
  object space 87552K, 27% used [0x00000000c0000000,0x00000000c1768c38,0x00000000c5580000)
 Metaspace       used 6398K, capacity 7192K, committed 7424K, reserved 1056768K
  class space    used 623K, capacity 656K, committed 768K, reserved 1048576K
}

Deoptimization events (10 events):
Event: 3.401 Thread 0x0000000002540800 Uncommon trap: reason=unstable_if action=reinterpret pc=0x0000000002975a94 method=java.util.HashMap.putVal(ILjava/lang/Object;Ljava/lang/Object;ZZ)Ljava/lang/Object; @ 162
Event: 3.476 Thread 0x0000000002540800 Uncommon trap: reason=unstable_if action=reinterpret pc=0x0000000002914350 method=java.util.HashMap.getNode(ILjava/lang/Object;)Ljava/util/HashMap$Node; @ 84
Event: 3.484 Thread 0x0000000002540800 Uncommon trap: reason=unstable_if action=reinterpret pc=0x0000000002bb147c method=java.util.HashMap.putVal(ILjava/lang/Object;Ljava/lang/Object;ZZ)Ljava/lang/Object; @ 162
Event: 4.763 Thread 0x0000000017067800 Uncommon trap: reason=class_check action=maybe_recompile pc=0x0000000002d488b0 method=com.android.dx.cf.code.BytecodeArray.parseInstruction(ILcom/android/dx/cf/code/BytecodeArray$Visitor;)I @ 1939
Event: 4.867 Thread 0x000000001710a000 Uncommon trap: reason=unstable_if action=reinterpret pc=0x0000000002c8cd94 method=com.android.dx.ssa.MoveParamCombiner$1.visitNonMoveInsn(Lcom/android/dx/ssa/NormalSsaInsn;)V @ 27
Event: 4.980 Thread 0x0000000017110800 Uncommon trap: reason=unstable_if action=reinterpret pc=0x0000000002ca63d8 method=java.util.HashMap.resize()[Ljava/util/HashMap$Node; @ 206
Event: 5.229 Thread 0x0000000017067800 Uncommon trap: reason=unstable_if action=reinterpret pc=0x0000000002c53710 method=com.android.dx.ssa.SCCP.simulateBranch(Lcom/android/dx/ssa/SsaInsn;)V @ 548
Event: 5.301 Thread 0x000000001710a000 Uncommon trap: reason=class_check action=maybe_recompile pc=0x0000000002d488b0 method=com.android.dx.cf.code.BytecodeArray.parseInstruction(ILcom/android/dx/cf/code/BytecodeArray$Visitor;)I @ 1939
Event: 5.301 Thread 0x000000001710a000 Uncommon trap: reason=class_check action=maybe_recompile pc=0x0000000002d488b0 method=com.android.dx.cf.code.BytecodeArray.parseInstruction(ILcom/android/dx/cf/code/BytecodeArray$Visitor;)I @ 1939
Event: 5.301 Thread 0x000000001710a000 Uncommon trap: reason=class_check action=maybe_recompile pc=0x0000000002d488b0 method=com.android.dx.cf.code.BytecodeArray.parseInstruction(ILcom/android/dx/cf/code/BytecodeArray$Visitor;)I @ 1939

Internal exceptions (6 events):
Event: 0.113 Thread 0x0000000002540800 Exception <a 'java/lang/NoSuchMethodError': Method sun.misc.Unsafe.defineClass(Ljava/lang/String;[BII)Ljava/lang/Class; name or signature does not match> (0x00000000eab13088) thrown at [C:\workspace\8-2-build-windows-amd64-cygwin\jdk8u65\4987\hotspot\src\sþ¯”»õ½?
Event: 0.113 Thread 0x0000000002540800 Exception <a 'java/lang/NoSuchMethodError': Method sun.misc.Unsafe.prefetchRead(Ljava/lang/Object;J)V name or signature does not match> (0x00000000eab13370) thrown at [C:\workspace\8-2-build-windows-amd64-cygwin\jdk8u65\4987\hotspot\src\share\vm\prims\jni.‘§DwItî?
Event: 0.952 Thread 0x0000000017110800 Implicit null exception at 0x000000000295593f to 0x0000000002957265
Event: 3.405 Thread 0x0000000002540800 Exception <a 'java/lang/ArrayIndexOutOfBoundsException': 18> (0x00000000ec757c28) thrown at [C:\workspace\8-2-build-windows-amd64-cygwin\jdk8u65\4987\hotspot\src\share\vm\interpreter\interpreterRuntime.cpp, line 366]
Event: 3.406 Thread 0x0000000002540800 Exception <a 'java/lang/ArrayIndexOutOfBoundsException': 145> (0x00000000ec7597a8) thrown at [C:\workspace\8-2-build-windows-amd64-cygwin\jdk8u65\4987\hotspot\src\share\vm\interpreter\interpreterRuntime.cpp, line 366]
Event: 3.407 Thread 0x0000000002540800 Exception <a 'java/lang/ArrayIndexOutOfBoundsException'> (0x00000000ec75aa90) thrown at [C:\workspace\8-2-build-windows-amd64-cygwin\jdk8u65\4987\hotspot\src\share\vm\runtime\sharedRuntime.cpp, line 605]

Events (10 events):
Event: 5.301 Thread 0x000000001710a000 DEOPT PACKING pc=0x0000000002d488b0 sp=0x0000000017f9e610
Event: 5.301 Thread 0x000000001710a000 DEOPT UNPACKING pc=0x000000000268582a sp=0x0000000017f9e5a8 mode 2
Event: 5.301 Thread 0x000000001710a000 Uncommon trap: trap_request=0xffffffde fr.pc=0x0000000002d488b0
Event: 5.301 Thread 0x000000001710a000 DEOPT PACKING pc=0x0000000002d488b0 sp=0x0000000017f9e610
Event: 5.301 Thread 0x000000001710a000 DEOPT UNPACKING pc=0x000000000268582a sp=0x0000000017f9e5a8 mode 2
Event: 5.311 Thread 0x000000001710a000 DEOPT PACKING pc=0x0000000002a9daf9 sp=0x0000000017f9e6b0
Event: 5.311 Thread 0x000000001710a000 DEOPT UNPACKING pc=0x000000000268747f sp=0x0000000017f9e4e0 mode 0
Event: 5.369 Thread 0x0000000017067800 Thread exited: 0x0000000017067800
Event: 5.374 Thread 0x0000000017110800 Thread exited: 0x0000000017110800
Event: 5.426 Thread 0x000000001710a000 Thread exited: 0x000000001710a000


Dynamic libraries:
0x00007ff73fc70000 - 0x00007ff73fca7000 	C:\Program Files\Java\jdk1.8.0_65\bin\java.exe
0x00007ffe2a860000 - 0x00007ffe2aa0c000 	C:\Windows\SYSTEM32\ntdll.dll
0x00007ffe2a220000 - 0x00007ffe2a35e000 	C:\Windows\system32\KERNEL32.DLL
0x00007ffe27c60000 - 0x00007ffe27d75000 	C:\Windows\system32\KERNELBASE.dll
0x00007ffe26550000 - 0x00007ffe265de000 	C:\Windows\system32\apphelp.dll
0x00007ffe13cb0000 - 0x00007ffe13d03000 	C:\Windows\AppPatch\AppPatch64\AcGenral.DLL
0x00007ffe29b60000 - 0x00007ffe29c0a000 	C:\Windows\system32\msvcrt.dll
0x00007ffe277e0000 - 0x00007ffe2780e000 	C:\Windows\SYSTEM32\SspiCli.dll
0x00007ffe294e0000 - 0x00007ffe29534000 	C:\Windows\system32\SHLWAPI.dll
0x00007ffe29540000 - 0x00007ffe296b7000 	C:\Windows\system32\USER32.dll
0x00007ffe296c0000 - 0x00007ffe29854000 	C:\Windows\system32\ole32.dll
0x00007ffe27ee0000 - 0x00007ffe2940b000 	C:\Windows\system32\SHELL32.dll
0x00007ffe26fb0000 - 0x00007ffe26fd1000 	C:\Windows\SYSTEM32\USERENV.dll
0x00007ffe29870000 - 0x00007ffe2991a000 	C:\Windows\system32\ADVAPI32.dll
0x00007ffe1b3a0000 - 0x00007ffe1b3be000 	C:\Windows\SYSTEM32\MPR.dll
0x00007ffe29cf0000 - 0x00007ffe29e31000 	C:\Windows\system32\RPCRT4.dll
0x00007ffe2a180000 - 0x00007ffe2a1d9000 	C:\Windows\SYSTEM32\sechost.dll
0x00007ffe29f60000 - 0x00007ffe2a171000 	C:\Windows\SYSTEM32\combase.dll
0x00007ffe2a360000 - 0x00007ffe2a4af000 	C:\Windows\system32\GDI32.dll
0x00007ffe279b0000 - 0x00007ffe279c5000 	C:\Windows\SYSTEM32\profapi.dll
0x00007ffe261b0000 - 0x00007ffe26262000 	C:\Windows\SYSTEM32\SHCORE.dll
0x00007ffe2a1e0000 - 0x00007ffe2a216000 	C:\Windows\system32\IMM32.DLL
0x00007ffe2a520000 - 0x00007ffe2a672000 	C:\Windows\system32\MSCTF.dll
0x00007ffe23ed0000 - 0x00007ffe2414b000 	C:\Windows\WinSxS\amd64_microsoft.windows.common-controls_6595b64144ccf1df_6.0.9600.18006_none_623f33d3ecbe86e8\COMCTL32.dll
0x00000000611e0000 - 0x00000000612b2000 	C:\Program Files\Java\jdk1.8.0_65\jre\bin\msvcr100.dll
0x0000000061780000 - 0x0000000062009000 	C:\Program Files\Java\jdk1.8.0_65\jre\bin\server\jvm.dll
0x00007ffe23e20000 - 0x00007ffe23e29000 	C:\Windows\SYSTEM32\WSOCK32.dll
0x00007ffe25180000 - 0x00007ffe251a2000 	C:\Windows\SYSTEM32\WINMM.dll
0x00007ffe25260000 - 0x00007ffe2526a000 	C:\Windows\SYSTEM32\VERSION.dll
0x00007ffe29af0000 - 0x00007ffe29af7000 	C:\Windows\system32\PSAPI.DLL
0x00007ffe29b00000 - 0x00007ffe29b5a000 	C:\Windows\system32\WS2_32.dll
0x00007ffe24f70000 - 0x00007ffe24f9a000 	C:\Windows\SYSTEM32\WINMMBASE.dll
0x00007ffe29860000 - 0x00007ffe29869000 	C:\Windows\system32\NSI.dll
0x00007ffe27de0000 - 0x00007ffe27e2f000 	C:\Windows\SYSTEM32\cfgmgr32.dll
0x00007ffe267a0000 - 0x00007ffe267c8000 	C:\Windows\SYSTEM32\DEVOBJ.dll
0x0000000061690000 - 0x000000006169f000 	C:\Program Files\Java\jdk1.8.0_65\jre\bin\verify.dll
0x0000000061660000 - 0x0000000061689000 	C:\Program Files\Java\jdk1.8.0_65\jre\bin\java.dll
0x0000000061640000 - 0x0000000061656000 	C:\Program Files\Java\jdk1.8.0_65\jre\bin\zip.dll

VM Arguments:
jvm_args: -Djava.awt.headless=true -Xmx1024M -Dfile.encoding=windows-1254 -Duser.country=GB -Duser.language=en -Duser.variant 
java_command: com.android.dx.command.Main --dex --force-jumbo --num-threads=4 --multi-dex --output C:\Users\Abdullah\Desktop\AlleziaVote\app\build\intermediates\transforms\dex\debug\folders\1000\10\com.android.support-appcompat-v7-23.0.0_44d073ebe670607af81be4ec28babe9a05590a7c C:\Users\Abdullah\Desktop\AlleziaVote\app\build\intermediates\exploded-aar\com.android.support\appcompat-v7\23.0.0\jars\classes.jar
java_class_path (initial): C:\Users\Abdullah\AppData\Local\Android\sdk\build-tools\24.0.2\lib\dx.jar
Launcher Type: SUN_STANDARD

Environment Variables:
PATH=C:\Program Files (x86)\NVIDIA Corporation\PhysX\Common;C:\ProgramData\Oracle\Java\javapath;C:\Windows\system32;C:\Windows;C:\Windows\System32\Wbem;C:\Windows\System32\WindowsPowerShell\v1.0\;C:\Program Files (x86)\Skype\Phone\;F:\AMD\ATI.ACE\Core-Static;F:\Program Files (x86)\Git\cmd;C:\Program Files (x86)\GtkSharp\2.12\bin
USERNAME=Abdullah
OS=Windows_NT
PROCESSOR_IDENTIFIER=AMD64 Family 21 Model 1 Stepping 2, AuthenticAMD



---------------  S Y S T E M  ---------------

OS: Windows 8.1 , 64 bit Build 9600 (6.3.9600.17415)

CPU:total 6 (6 cores per cpu, 1 threads per core) family 21 model 1 stepping 2, cmov, cx8, fxsr, mmx, sse, sse2, sse3, ssse3, sse4.1, sse4.2, popcnt, avx, aes, clmul, mmxext, 3dnowpref, lzcnt, sse4a, tsc, tscinvbit, tscinv

Memory: 4k page, physical 8335412k(964756k free), swap 11481140k(5528k free)

vm_info: Java HotSpot(TM) 64-Bit Server VM (25.65-b01) for windows-amd64 JRE (1.8.0_65-b17), built on Oct  6 2015 16:39:20 by "java_re" with MS VC++ 10.0 (VS2010)

time: Tue Nov 15 22:41:24 2016
elapsed time: 5 seconds (0d 0h 0m 5s)

